#
# There is insufficient memory for the Java Runtime Environment to continue.
# Native memory allocation (mmap) failed to map 266338304 bytes. Error detail: G1 virtual space
# Possible reasons:
#   The system is out of physical RAM or swap space
#   This process is running with CompressedOops enabled, and the Java Heap may be blocking the growth of the native heap
# Possible solutions:
#   Reduce memory load on the system
#   Increase physical memory or swap space
#   Check if swap backing store is full
#   Decrease Java heap size (-Xmx/-Xms)
#   Decrease number of Java threads
#   Decrease Java thread stack sizes (-Xss)
#   Set larger code cache with -XX:ReservedCodeCacheSize=
#   JVM is running with Zero Based Compressed Oops mode in which the Java heap is
#     placed in the first 32GB address space. The Java Heap base address is the
#     maximum limit for the native heap growth. Please use -XX:HeapBaseMinAddress
#     to set the Java Heap base and to place the Java Heap above 32GB virtual address.
# This output file may be truncated or incomplete.
#
#  Out of Memory Error (os_windows.cpp:3898), pid=25076, tid=24996
#
# JRE version:  (21.0.7) (build )
# Java VM: OpenJDK 64-Bit Server VM (21.0.7+-13880790-b1038.58, mixed mode, sharing, tiered, compressed oops, compressed class ptrs, g1 gc, windows-amd64)
# No core dump will be written. Minidumps are not enabled by default on client versions of Windows
#

---------------  S U M M A R Y ------------

Command Line: git4idea.http.GitAskPassApp Username for 'https://github.com': 

Host: 11th Gen Intel(R) Core(TM) i5-11600K @ 3.90GHz, 12 cores, 15G,  Windows 10 , 64 bit Build 19041 (10.0.19041.5915)
Time: Mon Nov 24 00:04:56 2025 Eastern Standard Time elapsed time: 0.008103 seconds (0d 0h 0m 0s)

---------------  T H R E A D  ---------------

Current thread (0x0000024b3a91e6c0):  JavaThread "Unknown thread" [_thread_in_vm, id=24996, stack(0x0000006fbeb00000,0x0000006fbec00000) (1024K)]

Stack: [0x0000006fbeb00000,0x0000006fbec00000]
Native frames: (J=compiled Java code, j=interpreted, Vv=VM code, C=native code)
V  [jvm.dll+0x6d25c9]
V  [jvm.dll+0x860923]
V  [jvm.dll+0x862e7e]
V  [jvm.dll+0x863563]
V  [jvm.dll+0x27f156]
V  [jvm.dll+0x6ceee5]
V  [jvm.dll+0x6c29aa]
V  [jvm.dll+0x355ebb]
V  [jvm.dll+0x35db16]
V  [jvm.dll+0x3afb16]
V  [jvm.dll+0x3afde8]
V  [jvm.dll+0x32855c]
V  [jvm.dll+0x32924b]
V  [jvm.dll+0x828379]
V  [jvm.dll+0x3bcce8]
V  [jvm.dll+0x811628]
V  [jvm.dll+0x45121e]
V  [jvm.dll+0x452981]
C  [jli.dll+0x52ab]
C  [ucrtbase.dll+0x21bb2]
C  [KERNEL32.DLL+0x17374]
C  [ntdll.dll+0x4cc91]


---------------  P R O C E S S  ---------------

Threads class SMR info:
_java_thread_list=0x00007ff9d4f34888, length=0, elements={
}

Java Threads: ( => current thread )
Total: 0

Other Threads:
  0x0000024b3cd43660 WorkerThread "GC Thread#0"                     [id=29064, stack(0x0000006fbec00000,0x0000006fbed00000) (1024K)]
  0x0000024b3cd55410 ConcurrentGCThread "G1 Main Marker"            [id=39596, stack(0x0000006fbed00000,0x0000006fbee00000) (1024K)]
  0x0000024b3cd565b0 WorkerThread "G1 Conc#0"                       [id=32544, stack(0x0000006fbee00000,0x0000006fbef00000) (1024K)]

[error occurred during error reporting (printing all threads), id 0xc0000005, EXCEPTION_ACCESS_VIOLATION (0xc0000005) at pc=0x00007ff9d472b5b7]
VM state: not at safepoint (not fully initialized)

VM Mutex/Monitor currently owned by a thread:  ([mutex/lock_event])
[0x00007ff9d4fa1568] Heap_lock - owner thread: 0x0000024b3a91e6c0

Heap address: 0x0000000702a00000, size: 4054 MB, Compressed Oops mode: Zero based, Oop shift amount: 3

CDS archive(s) mapped at: [0x0000000000000000-0x0000000000000000-0x0000000000000000), size 0, SharedBaseAddress: 0x0000000800000000, ArchiveRelocationMode: 1.
Narrow klass base: 0x0000000000000000, Narrow klass shift: 0, Narrow klass range: 0x0

GC Precious Log:
 CardTable entry size: 512
 Card Set container configuration: InlinePtr #cards 4 size 8 Array Of Cards #cards 16 size 48 Howl #buckets 8 coarsen threshold 3686 Howl Bitmap #cards 512 size 80 coarsen threshold 460 Card regions per heap region 1 cards per card region 4096

Heap:
 garbage-first heap   total 0K, used 0K [0x0000000702a00000, 0x0000000800000000)
  region size 2048K, 0 young (0K), 0 survivors (0K)
 Metaspace       used 0K, committed 0K, reserved 0K
  class space    used 0K, committed 0K, reserved 0K

Heap Regions: E=young(eden), S=young(survivor), O=old, HS=humongous(starts), HC=humongous(continues), CS=collection set, F=free, TAMS=top-at-mark-start, PB=parsable bottom

Card table byte_map: [0x0000024b4fb80000,0x0000024b50370000] _byte_map_base: 0x0000024b4c36b000

Marking Bits: (CMBitMap*) 0x0000024b3cd43c60
 Bits: [0x0000024b50370000, 0x0000024b542c8000)

GC Heap History (0 events):
No events

Dll operation events (1 events):
Event: 0.005 Loaded shared library C:\Program Files\Android\Android Studio\jbr\bin\java.dll

Deoptimization events (0 events):
No events

Classes loaded (0 events):
No events

Classes unloaded (0 events):
No events

Classes redefined (0 events):
No events

Internal exceptions (0 events):
No events

ZGC Phase Switch (0 events):
No events

VM Operations (0 events):
No events

Memory protections (0 events):
No events

Nmethod flushes (0 events):
No events

Events (0 events):
No events


Dynamic libraries:
0x00007ff761370000 - 0x00007ff76137a000 	C:\Program Files\Android\Android Studio\jbr\bin\java.exe
0x00007ffa35c70000 - 0x00007ffa35e68000 	C:\Windows\SYSTEM32\ntdll.dll
0x00007ffa33f20000 - 0x00007ffa33fe2000 	C:\Windows\System32\KERNEL32.DLL
0x00007ffa334e0000 - 0x00007ffa337d6000 	C:\Windows\System32\KERNELBASE.dll
0x00007ffa33300000 - 0x00007ffa33400000 	C:\Windows\System32\ucrtbase.dll
0x00007ffa2cb10000 - 0x00007ffa2cb2b000 	C:\Program Files\Android\Android Studio\jbr\bin\VCRUNTIME140.dll
0x00007ffa25ed0000 - 0x00007ffa25ee8000 	C:\Program Files\Android\Android Studio\jbr\bin\jli.dll
0x00007ffa33ff0000 - 0x00007ffa34191000 	C:\Windows\System32\USER32.dll
0x00007ffa33ab0000 - 0x00007ffa33ad2000 	C:\Windows\System32\win32u.dll
0x00007ffa14140000 - 0x00007ffa143db000 	C:\Windows\WinSxS\amd64_microsoft.windows.common-controls_6595b64144ccf1df_6.0.19041.6456_none_60b8a6cb71f64256\COMCTL32.dll
0x00007ffa34370000 - 0x00007ffa3439b000 	C:\Windows\System32\GDI32.dll
0x00007ffa345a0000 - 0x00007ffa3463e000 	C:\Windows\System32\msvcrt.dll
0x00007ffa33910000 - 0x00007ffa33a29000 	C:\Windows\System32\gdi32full.dll
0x00007ffa337e0000 - 0x00007ffa3387d000 	C:\Windows\System32\msvcp_win.dll
0x00007ffa34260000 - 0x00007ffa3428f000 	C:\Windows\System32\IMM32.DLL
0x00007ffa2e410000 - 0x00007ffa2e41c000 	C:\Program Files\Android\Android Studio\jbr\bin\vcruntime140_1.dll
0x00007ff9e9db0000 - 0x00007ff9e9e3d000 	C:\Program Files\Android\Android Studio\jbr\bin\msvcp140.dll
0x00007ff9d43f0000 - 0x00007ff9d507e000 	C:\Program Files\Android\Android Studio\jbr\bin\server\jvm.dll
0x00007ffa341a0000 - 0x00007ffa34251000 	C:\Windows\System32\ADVAPI32.dll
0x00007ffa34f10000 - 0x00007ffa34faf000 	C:\Windows\System32\sechost.dll
0x00007ffa34480000 - 0x00007ffa345a0000 	C:\Windows\System32\RPCRT4.dll
0x00007ffa33400000 - 0x00007ffa33427000 	C:\Windows\System32\bcrypt.dll
0x00007ffa34400000 - 0x00007ffa3446b000 	C:\Windows\System32\WS2_32.dll
0x00007ffa32d10000 - 0x00007ffa32d5b000 	C:\Windows\SYSTEM32\POWRPROF.dll
0x00007ffa1c900000 - 0x00007ffa1c927000 	C:\Windows\SYSTEM32\WINMM.dll
0x00007ffa2af50000 - 0x00007ffa2af5a000 	C:\Windows\SYSTEM32\VERSION.dll
0x00007ffa32cd0000 - 0x00007ffa32ce2000 	C:\Windows\SYSTEM32\UMPDC.dll
0x00007ffa31330000 - 0x00007ffa31342000 	C:\Windows\SYSTEM32\kernel.appcore.dll
0x00007ffa2dad0000 - 0x00007ffa2dada000 	C:\Program Files\Android\Android Studio\jbr\bin\jimage.dll
0x00007ffa30f40000 - 0x00007ffa31141000 	C:\Windows\SYSTEM32\DBGHELP.DLL
0x00007ffa27680000 - 0x00007ffa276b4000 	C:\Windows\SYSTEM32\dbgcore.DLL
0x00007ffa33880000 - 0x00007ffa33902000 	C:\Windows\System32\bcryptPrimitives.dll
0x00007ffa252c0000 - 0x00007ffa252e0000 	C:\Program Files\Android\Android Studio\jbr\bin\java.dll

dbghelp: loaded successfully - version: 4.0.5 - missing functions: none
symbol engine: initialized successfully - sym options: 0x614 - pdb path: .;C:\Program Files\Android\Android Studio\jbr\bin;C:\Windows\SYSTEM32;C:\Windows\WinSxS\amd64_microsoft.windows.common-controls_6595b64144ccf1df_6.0.19041.6456_none_60b8a6cb71f64256;C:\Program Files\Android\Android Studio\jbr\bin\server

VM Arguments:
java_command: git4idea.http.GitAskPassApp Username for 'https://github.com': 
java_class_path (initial): C:/Program Files/Android/Android Studio/plugins/vcs-git/lib/git4idea-rt.jar;C:/Program Files/Android/Android Studio/lib/externalProcess-rt.jar
Launcher Type: SUN_STANDARD

[Global flags]
     intx CICompilerCount                          = 4                                         {product} {ergonomic}
     uint ConcGCThreads                            = 3                                         {product} {ergonomic}
     uint G1ConcRefinementThreads                  = 10                                        {product} {ergonomic}
   size_t G1HeapRegionSize                         = 2097152                                   {product} {ergonomic}
    uintx GCDrainStackTargetSize                   = 64                                        {product} {ergonomic}
   size_t InitialHeapSize                          = 266338304                                 {product} {ergonomic}
   size_t MarkStackSize                            = 4194304                                   {product} {ergonomic}
   size_t MaxHeapSize                              = 4250927104                                {product} {ergonomic}
   size_t MinHeapDeltaBytes                        = 2097152                                   {product} {ergonomic}
   size_t MinHeapSize                              = 8388608                                   {product} {ergonomic}
    uintx NonNMethodCodeHeapSize                   = 5839372                                {pd product} {ergonomic}
    uintx NonProfiledCodeHeapSize                  = 122909434                              {pd product} {ergonomic}
    uintx ProfiledCodeHeapSize                     = 122909434                              {pd product} {ergonomic}
    uintx ReservedCodeCacheSize                    = 251658240                              {pd product} {ergonomic}
     bool SegmentedCodeCache                       = true                                      {product} {ergonomic}
   size_t SoftMaxHeapSize                          = 4250927104                             {manageable} {ergonomic}
     bool UseCompressedOops                        = true                           {product lp64_product} {ergonomic}
     bool UseG1GC                                  = true                                      {product} {ergonomic}
     bool UseLargePagesIndividualAllocation        = false                                  {pd product} {ergonomic}

Logging:
Log output configuration:
 #0: stdout all=warning uptime,level,tags foldmultilines=false
 #1: stderr all=off uptime,level,tags foldmultilines=false

Environment Variables:
PATH=C:/Program Files/Git/mingw64/libexec/git-core;C:/Program Files/Git/mingw64/libexec/git-core;C:\Program Files\Git\mingw64\bin;C:\Program Files\Git\usr\bin;C:\Users\Abidul\bin;C:\Program Files (x86)\Razer\ChromaBroadcast\bin;C:\Program Files\Razer\ChromaBroadcast\bin;C:\Program Files (x86)\Razer Chroma SDK\bin;C:\Program Files\Razer Chroma SDK\bin;C:\Windows\system32;C:\Windows;C:\Windows\System32\Wbem;C:\Windows\System32\WindowsPowerShell\v1.0\;C:\Windows\System32\OpenSSH\;C:\Program Files\NVIDIA Corporation\NVIDIA NvDLISR;C:\Program Files (x86)\NVIDIA Corporation\PhysX\Common;C:\Users\Abidul\AppData\Local\Microsoft\WindowsApps;C:\Windows\system32\config\systemprofile\AppData\Local\Microsoft\WindowsApps;C:\Program Files\Tailscale\;C:\Program Files\Git\cmd;c:\Users\Abidul\AppData\Local\Programs\cursor\resources\app\codeBin;C:\Users\Abidul\AppData\Local\Microsoft\WindowsApps;C:\Users\Abidul\AppData\Local\Programs\cursor\resources\app\bin;C:\Users\Abidul\AppData\Local\Programs\Microsoft VS Code\bin
USERNAME=Abidul
DISPLAY=:0.0
LC_ALL=en_US.UTF-8
TERM=xterm-256color
TMPDIR=C:\Users\Abidul\AppData\Local\Temp
OS=Windows_NT
PROCESSOR_IDENTIFIER=Intel64 Family 6 Model 167 Stepping 1, GenuineIntel
TMP=C:\Users\Abidul\AppData\Local\Temp
TEMP=C:\Users\Abidul\AppData\Local\Temp




Periodic native trim disabled

JNI global refs:
JNI global refs: 0, weak refs: 0

JNI global refs memory usage: 0, weak refs: 0

Process memory usage:
Resident Set Size: 10904K (0% of 16602000K total physical memory with 582928K free physical memory)

OOME stack traces (most recent first):
Classloader memory used:

---------------  S Y S T E M  ---------------

OS:
 Windows 10 , 64 bit Build 19041 (10.0.19041.5915)
OS uptime: 1 days 4:09 hours
Hyper-V role detected

CPU: total 12 (initial active 12) (6 cores per cpu, 2 threads per core) family 6 model 167 stepping 1 microcode 0x3c, cx8, cmov, fxsr, ht, mmx, 3dnowpref, sse, sse2, sse3, ssse3, sse4.1, sse4.2, popcnt, lzcnt, tsc, tscinvbit, avx, avx2, aes, erms, clmul, bmi1, bmi2, adx, avx512f, avx512dq, avx512cd, avx512bw, avx512vl, sha, fma, vzeroupper, avx512_vpopcntdq, avx512_vpclmulqdq, avx512_vaes, avx512_vnni, clflush, clflushopt, avx512_vbmi2, avx512_vbmi, hv, rdtscp, rdpid, fsrm, gfni, avx512_bitalg, f16c, avx512_ifma
Processor Information for the first 12 processors :
  Max Mhz: 3912, Current Mhz: 3912, Mhz Limit: 3912

Memory: 4k page, system-wide physical 16212M (569M free)
TotalPageFile size 22212M (AvailPageFile size 133M)
current process WorkingSet (physical memory assigned to process): 10M, peak: 10M
current process commit charge ("private bytes"): 64M, peak: 318M

vm_info: OpenJDK 64-Bit Server VM (21.0.7+-13880790-b1038.58) for windows-amd64 JRE (21.0.7+-13880790-b1038.58), built on 2025-08-04T20:56:21Z by "builder" with MS VC++ 16.10 / 16.11 (VS2019)

END.
